<?xml version="1.0" encoding="UTF-8"?>
<testsuite xmlns:xsi="http://www.w3.org/2001/XMLSchema-instance" xsi:noNamespaceSchemaLocation="https://maven.apache.org/surefire/maven-surefire-plugin/xsd/surefire-test-report-3.0.xsd" version="3.0" name="com.wallet.transfer.WalletTransferApplicationTests" time="11.899" tests="9" errors="0" skipped="0" failures="0">
  <properties>
[...]
</properties>
  <testcase name="testIdempotencyOfSuccessfulTransfer" classname="com.wallet.transfer.WalletTransferApplicationTests" time="1.343">
    <system-out><![CDATA[03:00:54.296 [main] INFO org.springframework.test.context.support.AnnotationConfigContextLoaderUtils -- Could not detect default configuration classes for test class [com.wallet.transfer.WalletTransferApplicationTests]: WalletTransferApplicationTests does not declare any static, non-private, non-final, nested classes annotated with @Configuration.
03:00:54.546 [main] INFO org.springframework.boot.test.context.SpringBootTestContextBootstrapper -- Found @SpringBootConfiguration com.wallet.transfer.WalletTransferApplication for test class com.wallet.transfer.WalletTransferApplicationTests

  .   ____          _            __ _ _
 /\\ / ___'_ __ _ _(_)_ __  __ _ \ \ \ \
( ( )\___ | '_ | '_| | '_ \/ _` | \ \ \ \
 \\/  ___)| |_)| | | | | || (_| |  ) ) ) )
  '  |____| .__|_| |_|_| |_\__, | / / / /
 =========|_|==============|___/=/_/_/_/
 :: Spring Boot ::                (v3.2.4)

2026-06-18T03:00:55.257+05:30  INFO 24784 --- [wallet-transfer-service] [           main] c.w.t.WalletTransferApplicationTests     : Starting WalletTransferApplicationTests using Java 21.0.11 with PID 24784 (started by parth in /home/parth/ASSIGNMENT2/wallet-transfer-assignment)
2026-06-18T03:00:55.260+05:30  INFO 24784 --- [wallet-transfer-service] [           main] c.w.t.WalletTransferApplicationTests     : No active profile set, falling back to 1 default profile: "default"
2026-06-18T03:00:56.625+05:30  INFO 24784 --- [wallet-transfer-service] [           main] .s.d.r.c.RepositoryConfigurationDelegate : Bootstrapping Spring Data JPA repositories in DEFAULT mode.
2026-06-18T03:00:56.803+05:30  INFO 24784 --- [wallet-transfer-service] [           main] .s.d.r.c.RepositoryConfigurationDelegate : Finished Spring Data repository scanning in 159 ms. Found 5 JPA repository interfaces.
2026-06-18T03:00:57.907+05:30  INFO 24784 --- [wallet-transfer-service] [           main] com.zaxxer.hikari.HikariDataSource       : HikariPool-1 - Starting...
2026-06-18T03:00:58.442+05:30  INFO 24784 --- [wallet-transfer-service] [           main] com.zaxxer.hikari.pool.HikariPool        : HikariPool-1 - Added connection org.postgresql.jdbc.PgConnection@7bbcf6f0
2026-06-18T03:00:58.445+05:30  INFO 24784 --- [wallet-transfer-service] [           main] com.zaxxer.hikari.HikariDataSource       : HikariPool-1 - Start completed.
2026-06-18T03:00:58.611+05:30  INFO 24784 --- [wallet-transfer-service] [           main] o.hibernate.jpa.internal.util.LogHelper  : HHH000204: Processing PersistenceUnitInfo [name: default]
2026-06-18T03:00:58.695+05:30  INFO 24784 --- [wallet-transfer-service] [           main] org.hibernate.Version                    : HHH000412: Hibernate ORM core version 6.4.4.Final
2026-06-18T03:00:58.761+05:30  INFO 24784 --- [wallet-transfer-service] [           main] o.h.c.internal.RegionFactoryInitiator    : HHH000026: Second-level cache disabled
2026-06-18T03:00:59.132+05:30  INFO 24784 --- [wallet-transfer-service] [           main] o.s.o.j.p.SpringPersistenceUnitInfo      : No LoadTimeWeaver setup: ignoring JPA class transformer
2026-06-18T03:00:59.219+05:30  WARN 24784 --- [wallet-transfer-service] [           main] org.hibernate.orm.deprecation            : HHH90000025: PostgreSQLDialect does not need to be specified explicitly using 'hibernate.dialect' (remove the property setting and it will be selected by default)
2026-06-18T03:01:00.714+05:30  INFO 24784 --- [wallet-transfer-service] [           main] o.h.e.t.j.p.i.JtaPlatformInitiator       : HHH000489: No JTA platform available (set 'hibernate.transaction.jta.platform' to enable JTA platform integration)
2026-06-18T03:01:00.787+05:30  INFO 24784 --- [wallet-transfer-service] [           main] j.LocalContainerEntityManagerFactoryBean : Initialized JPA EntityManagerFactory for persistence unit 'default'
2026-06-18T03:01:01.260+05:30  INFO 24784 --- [wallet-transfer-service] [           main] o.s.d.j.r.query.QueryEnhancerFactory     : Hibernate is in classpath; If applicable, HQL parser will be used.
2026-06-18T03:01:02.339+05:30  WARN 24784 --- [wallet-transfer-service] [           main] JpaBaseConfiguration$JpaWebConfiguration : spring.jpa.open-in-view is enabled by default. Therefore, database queries may be performed during view rendering. Explicitly configure spring.jpa.open-in-view to disable this warning
2026-06-18T03:01:02.839+05:30  INFO 24784 --- [wallet-transfer-service] [           main] o.s.b.t.m.w.SpringBootMockServletContext : Initializing Spring TestDispatcherServlet ''
2026-06-18T03:01:02.840+05:30  INFO 24784 --- [wallet-transfer-service] [           main] o.s.t.web.servlet.TestDispatcherServlet  : Initializing Servlet ''
2026-06-18T03:01:02.844+05:30  INFO 24784 --- [wallet-transfer-service] [           main] o.s.t.web.servlet.TestDispatcherServlet  : Completed initialization in 2 ms
2026-06-18T03:01:02.875+05:30  INFO 24784 --- [wallet-transfer-service] [           main] c.w.t.WalletTransferApplicationTests     : Started WalletTransferApplicationTests in 8.094 seconds (process running for 10.144)
]]></system-out>
    <system-err><![CDATA[WARNING: A Java agent has been loaded dynamically (/home/parth/.m2/repository/net/bytebuddy/byte-buddy-agent/1.14.12/byte-buddy-agent-1.14.12.jar)
WARNING: If a serviceability tool is in use, please run with -XX:+EnableDynamicAgentLoading to hide this warning
WARNING: If a serviceability tool is not in use, please run with -Djdk.instrument.traceUsage for more information
WARNING: Dynamic loading of agents will be disallowed by default in a future release
]]></system-err>
  </testcase>
  <testcase name="testUserRegistrationDuplicateUsername" classname="com.wallet.transfer.WalletTransferApplicationTests" time="0.309"/>
  <testcase name="testConcurrentTransfersFromSameSender" classname="com.wallet.transfer.WalletTransferApplicationTests" time="0.388"/>
  <testcase name="testInsufficientFunds" classname="com.wallet.transfer.WalletTransferApplicationTests" time="0.136"/>
  <testcase name="testSelfTransferRejected" classname="com.wallet.transfer.WalletTransferApplicationTests" time="0.049"/>
  <testcase name="testUserLoginWrongPassword" classname="com.wallet.transfer.WalletTransferApplicationTests" time="0.196"/>
  <testcase name="testUserLoginSuccess" classname="com.wallet.transfer.WalletTransferApplicationTests" time="0.194"/>
  <testcase name="testUserRegistrationSuccess" classname="com.wallet.transfer.WalletTransferApplicationTests" time="0.186"/>
  <testcase name="testSuccessfulTransfer" classname="com.wallet.transfer.WalletTransferApplicationTests" time="0.117"/>
</testsuite>